[debug] [2022-11-29T09:45:39.400Z] ----------------------------------------------------------------------
[debug] [2022-11-29T09:45:39.402Z] Command:       C:\Program Files\nodejs\node.exe C:\Users\Ashik Pagla\AppData\Roaming\npm\node_modules\firebase-tools\lib\bin\firebase.js deploy
[debug] [2022-11-29T09:45:39.403Z] CLI Version:   11.16.1
[debug] [2022-11-29T09:45:39.403Z] Platform:      win32
[debug] [2022-11-29T09:45:39.403Z] Node Version:  v16.17.0
[debug] [2022-11-29T09:45:39.413Z] Time:          Tue Nov 29 2022 15:45:39 GMT+0600 (Bangladesh Standard Time)
[debug] [2022-11-29T09:45:39.413Z] ----------------------------------------------------------------------
[debug] 
[debug] [2022-11-29T09:45:39.518Z] > command requires scopes: ["email","openid","https://www.googleapis.com/auth/cloudplatformprojects.readonly","https://www.googleapis.com/auth/firebase","https://www.googleapis.com/auth/cloud-platform"]
[debug] [2022-11-29T09:45:39.519Z] > authorizing via signed-in user (mdashik1610@gmail.com)
[debug] [2022-11-29T09:45:39.519Z] [iam] checking project used-products-resale-mar-77ef8 for permissions ["firebase.projects.get","firebasehosting.sites.update"]
[debug] [2022-11-29T09:45:39.522Z] > refreshing access token with scopes: []
[debug] [2022-11-29T09:45:39.525Z] >>> [apiv2][query] POST https://www.googleapis.com/oauth2/v3/token [none]
[debug] [2022-11-29T09:45:39.525Z] >>> [apiv2][body] POST https://www.googleapis.com/oauth2/v3/token [omitted]
[debug] [2022-11-29T09:45:40.072Z] <<< [apiv2][status] POST https://www.googleapis.com/oauth2/v3/token 200
[debug] [2022-11-29T09:45:40.072Z] <<< [apiv2][body] POST https://www.googleapis.com/oauth2/v3/token [omitted]
[debug] [2022-11-29T09:45:40.082Z] >>> [apiv2][query] POST https://cloudresourcemanager.googleapis.com/v1/projects/used-products-resale-mar-77ef8:testIamPermissions [none]
[debug] [2022-11-29T09:45:40.083Z] >>> [apiv2][(partial)header] POST https://cloudresourcemanager.googleapis.com/v1/projects/used-products-resale-mar-77ef8:testIamPermissions x-goog-quota-user=projects/used-products-resale-mar-77ef8
[debug] [2022-11-29T09:45:40.083Z] >>> [apiv2][body] POST https://cloudresourcemanager.googleapis.com/v1/projects/used-products-resale-mar-77ef8:testIamPermissions {"permissions":["firebase.projects.get","firebasehosting.sites.update"]}
[debug] [2022-11-29T09:45:41.889Z] <<< [apiv2][status] POST https://cloudresourcemanager.googleapis.com/v1/projects/used-products-resale-mar-77ef8:testIamPermissions 200
[debug] [2022-11-29T09:45:41.889Z] <<< [apiv2][body] POST https://cloudresourcemanager.googleapis.com/v1/projects/used-products-resale-mar-77ef8:testIamPermissions {"permissions":["firebase.projects.get","firebasehosting.sites.update"]}
[debug] [2022-11-29T09:45:41.890Z] >>> [apiv2][query] GET https://firebase.googleapis.com/v1beta1/projects/used-products-resale-mar-77ef8 [none]
[debug] [2022-11-29T09:45:42.866Z] <<< [apiv2][status] GET https://firebase.googleapis.com/v1beta1/projects/used-products-resale-mar-77ef8 200
[debug] [2022-11-29T09:45:42.867Z] <<< [apiv2][body] GET https://firebase.googleapis.com/v1beta1/projects/used-products-resale-mar-77ef8 {"projectId":"used-products-resale-mar-77ef8","projectNumber":"631585878575","displayName":"used-products-resale-market","name":"projects/used-products-resale-mar-77ef8","resources":{"hostingSite":"used-products-resale-mar-77ef8"},"state":"ACTIVE","etag":"1_e0117e0e-9361-4566-aaec-5b2e442f9112"}
[info] 
[info] === Deploying to 'used-products-resale-mar-77ef8'...
[info] 
[info] i  deploying hosting 
[debug] [2022-11-29T09:45:42.878Z] >>> [apiv2][query] POST https://firebasehosting.googleapis.com/v1beta1/projects/-/sites/used-products-resale-mar-77ef8/versions [none]
[debug] [2022-11-29T09:45:42.878Z] >>> [apiv2][body] POST https://firebasehosting.googleapis.com/v1beta1/projects/-/sites/used-products-resale-mar-77ef8/versions {"status":"CREATED","labels":{"deployment-tool":"cli-firebase"}}
[debug] [2022-11-29T09:45:44.769Z] <<< [apiv2][status] POST https://firebasehosting.googleapis.com/v1beta1/projects/-/sites/used-products-resale-mar-77ef8/versions 200
[debug] [2022-11-29T09:45:44.770Z] <<< [apiv2][body] POST https://firebasehosting.googleapis.com/v1beta1/projects/-/sites/used-products-resale-mar-77ef8/versions {"name":"projects/631585878575/sites/used-products-resale-mar-77ef8/versions/1470861147d96b58","status":"CREATED","config":{},"labels":{"deployment-tool":"cli-firebase"}}
[info] i  hosting[used-products-resale-mar-77ef8]: beginning deploy... 
[info] i  hosting[used-products-resale-mar-77ef8]: found 19 files in build 
[debug] [2022-11-29T09:45:44.786Z] [hosting] uploading with 200 concurrency
[debug] [2022-11-29T09:45:45.095Z] [hosting] hash cache [YnVpbGQ] stored for 19 files
[debug] [2022-11-29T09:45:45.096Z] [hosting][hash queue][FINAL] {"max":293,"min":4,"avg":34.63157894736842,"active":0,"complete":19,"success":19,"errored":0,"retried":0,"total":19,"elapsed":302}
[debug] [2022-11-29T09:45:45.096Z] >>> [apiv2][query] POST https://firebasehosting.googleapis.com/v1beta1/projects/631585878575/sites/used-products-resale-mar-77ef8/versions/1470861147d96b58:populateFiles [none]
[debug] [2022-11-29T09:45:45.096Z] >>> [apiv2][body] POST https://firebasehosting.googleapis.com/v1beta1/projects/631585878575/sites/used-products-resale-mar-77ef8/versions/1470861147d96b58:populateFiles {"files":{"/category.json":"c64bfb1312fa025c44f043ec8bdc04e0c9a47ebd241ad9b56189066b4b9caaf2","/favicon (3).ico":"37075431b2ca5edf2f58065aa39dd88cd17865bea9137801de54380c19bbe2b0","/Logo.ico":"37075431b2ca5edf2f58065aa39dd88cd17865bea9137801de54380c19bbe2b0","/manifest.json":"aff3449bdc238776f5d6d967f19ec491b36aed5fb7f23ccff6500736fd58494a","/robots.txt":"bfe106a3fb878dc83461c86818bf74fc1bdc7f28538ba613cd3e775516ce8b49","/servies.json":"c26b5bae6406bc6891e393ddf9f8f5fa0deac4627e73a3ed226a827bde5b90e6","/asset-manifest.json":"19ec3062b1ad597e090ae691fdc27c8514e5482ff4d42e65083d72d87cef90ea","/index.html":"30ecb3e355d70e80c13b9284698d069a04f02625675ee34df5376bef939cb089","/static/js/787.263e6fa9.chunk.js":"0275da4c6ee034dce5bfefba3f92ee5d269323e2486bc2211f5b08d6ff1056f8","/static/js/787.263e6fa9.chunk.js.map":"b7981dd51b7be1bdfb8c2ff0b4d91700d7aecceedcc1e2e8b87afcfcf4e4f96b","/static/js/main.cf7cc610.js.LICENSE.txt":"29fba471d481398619ffd50250e8431add61c7c8208f77fc9b05cd1bf9708876","/static/media/pexels-phone.c99c44eaef10566398d9.webp":"c173a1873fe9d3171f7aec4580f8a03558c6eaa0f796c7aacd63f4ce0ac003f2","/static/css/main.e3e02284.css":"f51d75d48d35fe3b51d66afdbf2fb7e1f56fb8bd9a2c8fb00aa45ef272b09adf","/static/css/main.e3e02284.css.map":"d0c0c6ff8cd03f2b234f43a4b89c072ba1f45890bf5f38fea2b51152ad6a1d4d","/static/media/istockphoto-refrigerator.62b3c889cff1db941bdc.jpg":"51cf6579116d931c285ee60408d71a2614a1cdebdd503ed2db402dabb2430bc4","/static/media/vizio-tv.d0bf4f3fe517b8e2252b.webp":"ebd3365524a1651c95cbef26ca5e282016392821cf233785cabd15fb21bbb8cb","/static/js/main.cf7cc610.js":"a051af654e2e8a87dd9f06c30f078fa146ec3e9c7fce95e7d3a08f1e8b9f0796","/static/media/3204s-tv4.04e179189dd8d7d24984.png":"7a9cd2bb08dd3dc661f13576868de266054e59ab094724f5fd0cec986378e592","/static/js/main.cf7cc610.js.map":"d39d7c2d25d93f09a6d6e230620934e26c300e0d27e3061dd188188bbcb620c4"}}
[debug] [2022-11-29T09:45:46.448Z] <<< [apiv2][status] POST https://firebasehosting.googleapis.com/v1beta1/projects/631585878575/sites/used-products-resale-mar-77ef8/versions/1470861147d96b58:populateFiles 200
[debug] [2022-11-29T09:45:46.448Z] <<< [apiv2][body] POST https://firebasehosting.googleapis.com/v1beta1/projects/631585878575/sites/used-products-resale-mar-77ef8/versions/1470861147d96b58:populateFiles {"uploadRequiredHashes":["f51d75d48d35fe3b51d66afdbf2fb7e1f56fb8bd9a2c8fb00aa45ef272b09adf","30ecb3e355d70e80c13b9284698d069a04f02625675ee34df5376bef939cb089","a051af654e2e8a87dd9f06c30f078fa146ec3e9c7fce95e7d3a08f1e8b9f0796","19ec3062b1ad597e090ae691fdc27c8514e5482ff4d42e65083d72d87cef90ea","d0c0c6ff8cd03f2b234f43a4b89c072ba1f45890bf5f38fea2b51152ad6a1d4d","d39d7c2d25d93f09a6d6e230620934e26c300e0d27e3061dd188188bbcb620c4"],"uploadUrl":"https://upload-firebasehosting.googleapis.com/upload/sites/used-products-resale-mar-77ef8/versions/1470861147d96b58/files"}
[debug] [2022-11-29T09:45:46.449Z] >>> [apiv2][query] POST https://upload-firebasehosting.googleapis.com/upload/sites/used-products-resale-mar-77ef8/versions/1470861147d96b58/files/f51d75d48d35fe3b51d66afdbf2fb7e1f56fb8bd9a2c8fb00aa45ef272b09adf [none]
[debug] [2022-11-29T09:45:46.450Z] >>> [apiv2][body] POST https://upload-firebasehosting.googleapis.com/upload/sites/used-products-resale-mar-77ef8/versions/1470861147d96b58/files/f51d75d48d35fe3b51d66afdbf2fb7e1f56fb8bd9a2c8fb00aa45ef272b09adf [stream]
[debug] [2022-11-29T09:45:46.451Z] >>> [apiv2][query] POST https://upload-firebasehosting.googleapis.com/upload/sites/used-products-resale-mar-77ef8/versions/1470861147d96b58/files/30ecb3e355d70e80c13b9284698d069a04f02625675ee34df5376bef939cb089 [none]
[debug] [2022-11-29T09:45:46.451Z] >>> [apiv2][body] POST https://upload-firebasehosting.googleapis.com/upload/sites/used-products-resale-mar-77ef8/versions/1470861147d96b58/files/30ecb3e355d70e80c13b9284698d069a04f02625675ee34df5376bef939cb089 [stream]
[debug] [2022-11-29T09:45:46.452Z] >>> [apiv2][query] POST https://upload-firebasehosting.googleapis.com/upload/sites/used-products-resale-mar-77ef8/versions/1470861147d96b58/files/a051af654e2e8a87dd9f06c30f078fa146ec3e9c7fce95e7d3a08f1e8b9f0796 [none]
[debug] [2022-11-29T09:45:46.452Z] >>> [apiv2][body] POST https://upload-firebasehosting.googleapis.com/upload/sites/used-products-resale-mar-77ef8/versions/1470861147d96b58/files/a051af654e2e8a87dd9f06c30f078fa146ec3e9c7fce95e7d3a08f1e8b9f0796 [stream]
[debug] [2022-11-29T09:45:46.454Z] >>> [apiv2][query] POST https://upload-firebasehosting.googleapis.com/upload/sites/used-products-resale-mar-77ef8/versions/1470861147d96b58/files/19ec3062b1ad597e090ae691fdc27c8514e5482ff4d42e65083d72d87cef90ea [none]
[debug] [2022-11-29T09:45:46.454Z] >>> [apiv2][body] POST https://upload-firebasehosting.googleapis.com/upload/sites/used-products-resale-mar-77ef8/versions/1470861147d96b58/files/19ec3062b1ad597e090ae691fdc27c8514e5482ff4d42e65083d72d87cef90ea [stream]
[debug] [2022-11-29T09:45:46.455Z] >>> [apiv2][query] POST https://upload-firebasehosting.googleapis.com/upload/sites/used-products-resale-mar-77ef8/versions/1470861147d96b58/files/d0c0c6ff8cd03f2b234f43a4b89c072ba1f45890bf5f38fea2b51152ad6a1d4d [none]
[debug] [2022-11-29T09:45:46.455Z] >>> [apiv2][body] POST https://upload-firebasehosting.googleapis.com/upload/sites/used-products-resale-mar-77ef8/versions/1470861147d96b58/files/d0c0c6ff8cd03f2b234f43a4b89c072ba1f45890bf5f38fea2b51152ad6a1d4d [stream]
[debug] [2022-11-29T09:45:46.459Z] >>> [apiv2][query] POST https://upload-firebasehosting.googleapis.com/upload/sites/used-products-resale-mar-77ef8/versions/1470861147d96b58/files/d39d7c2d25d93f09a6d6e230620934e26c300e0d27e3061dd188188bbcb620c4 [none]
[debug] [2022-11-29T09:45:46.459Z] >>> [apiv2][body] POST https://upload-firebasehosting.googleapis.com/upload/sites/used-products-resale-mar-77ef8/versions/1470861147d96b58/files/d39d7c2d25d93f09a6d6e230620934e26c300e0d27e3061dd188188bbcb620c4 [stream]
[debug] [2022-11-29T09:45:46.460Z] [hosting][populate queue][FINAL] {"max":1355,"min":1355,"avg":1355,"active":0,"complete":1,"success":1,"errored":0,"retried":0,"total":1,"elapsed":1366}
[debug] [2022-11-29T09:45:46.460Z] [hosting] uploads queued: 6
[debug] [2022-11-29T09:45:48.469Z] <<< [apiv2][status] POST https://upload-firebasehosting.googleapis.com/upload/sites/used-products-resale-mar-77ef8/versions/1470861147d96b58/files/30ecb3e355d70e80c13b9284698d069a04f02625675ee34df5376bef939cb089 200
[debug] [2022-11-29T09:45:48.469Z] <<< [apiv2][body] POST https://upload-firebasehosting.googleapis.com/upload/sites/used-products-resale-mar-77ef8/versions/1470861147d96b58/files/30ecb3e355d70e80c13b9284698d069a04f02625675ee34df5376bef939cb089 [stream]
[debug] [2022-11-29T09:45:48.922Z] <<< [apiv2][status] POST https://upload-firebasehosting.googleapis.com/upload/sites/used-products-resale-mar-77ef8/versions/1470861147d96b58/files/f51d75d48d35fe3b51d66afdbf2fb7e1f56fb8bd9a2c8fb00aa45ef272b09adf 200
[debug] [2022-11-29T09:45:48.922Z] <<< [apiv2][body] POST https://upload-firebasehosting.googleapis.com/upload/sites/used-products-resale-mar-77ef8/versions/1470861147d96b58/files/f51d75d48d35fe3b51d66afdbf2fb7e1f56fb8bd9a2c8fb00aa45ef272b09adf [stream]
[debug] [2022-11-29T09:45:48.934Z] <<< [apiv2][status] POST https://upload-firebasehosting.googleapis.com/upload/sites/used-products-resale-mar-77ef8/versions/1470861147d96b58/files/19ec3062b1ad597e090ae691fdc27c8514e5482ff4d42e65083d72d87cef90ea 200
[debug] [2022-11-29T09:45:48.934Z] <<< [apiv2][body] POST https://upload-firebasehosting.googleapis.com/upload/sites/used-products-resale-mar-77ef8/versions/1470861147d96b58/files/19ec3062b1ad597e090ae691fdc27c8514e5482ff4d42e65083d72d87cef90ea [stream]
[debug] [2022-11-29T09:45:49.139Z] <<< [apiv2][status] POST https://upload-firebasehosting.googleapis.com/upload/sites/used-products-resale-mar-77ef8/versions/1470861147d96b58/files/a051af654e2e8a87dd9f06c30f078fa146ec3e9c7fce95e7d3a08f1e8b9f0796 200
[debug] [2022-11-29T09:45:49.139Z] <<< [apiv2][body] POST https://upload-firebasehosting.googleapis.com/upload/sites/used-products-resale-mar-77ef8/versions/1470861147d96b58/files/a051af654e2e8a87dd9f06c30f078fa146ec3e9c7fce95e7d3a08f1e8b9f0796 [stream]
[debug] [2022-11-29T09:45:49.161Z] <<< [apiv2][status] POST https://upload-firebasehosting.googleapis.com/upload/sites/used-products-resale-mar-77ef8/versions/1470861147d96b58/files/d39d7c2d25d93f09a6d6e230620934e26c300e0d27e3061dd188188bbcb620c4 200
[debug] [2022-11-29T09:45:49.161Z] <<< [apiv2][body] POST https://upload-firebasehosting.googleapis.com/upload/sites/used-products-resale-mar-77ef8/versions/1470861147d96b58/files/d39d7c2d25d93f09a6d6e230620934e26c300e0d27e3061dd188188bbcb620c4 [stream]
[debug] [2022-11-29T09:45:49.576Z] <<< [apiv2][status] POST https://upload-firebasehosting.googleapis.com/upload/sites/used-products-resale-mar-77ef8/versions/1470861147d96b58/files/d0c0c6ff8cd03f2b234f43a4b89c072ba1f45890bf5f38fea2b51152ad6a1d4d 200
[debug] [2022-11-29T09:45:49.576Z] <<< [apiv2][body] POST https://upload-firebasehosting.googleapis.com/upload/sites/used-products-resale-mar-77ef8/versions/1470861147d96b58/files/d0c0c6ff8cd03f2b234f43a4b89c072ba1f45890bf5f38fea2b51152ad6a1d4d [stream]
[debug] [2022-11-29T09:45:49.576Z] [hosting][upload queue][FINAL] {"max":3127,"min":2021,"avg":2585,"active":0,"complete":6,"success":6,"errored":0,"retried":0,"total":6,"elapsed":3128}
[info] +  hosting[used-products-resale-mar-77ef8]: file upload complete 
[debug] [2022-11-29T09:45:49.578Z] [hosting] deploy completed after 4806ms
[debug] [2022-11-29T09:45:49.580Z] [
  {
    "config": {
      "public": "build",
      "ignore": [
        "firebase.json",
        "**/.*",
        "**/node_modules/**"
      ],
      "rewrites": [
        {
          "source": "**",
          "destination": "/index.html"
        }
      ],
      "site": "used-products-resale-mar-77ef8"
    },
    "version": "projects/631585878575/sites/used-products-resale-mar-77ef8/versions/1470861147d96b58"
  }
]
[info] i  hosting[used-products-resale-mar-77ef8]: finalizing version... 
[debug] [2022-11-29T09:45:49.584Z] >>> [apiv2][query] PATCH https://firebasehosting.googleapis.com/v1beta1/projects/-/sites/used-products-resale-mar-77ef8/versions/1470861147d96b58 updateMask=status%2Cconfig
[debug] [2022-11-29T09:45:49.584Z] >>> [apiv2][body] PATCH https://firebasehosting.googleapis.com/v1beta1/projects/-/sites/used-products-resale-mar-77ef8/versions/1470861147d96b58 {"status":"FINALIZED","config":{"rewrites":[{"glob":"**","path":"/index.html"}]}}
[debug] [2022-11-29T09:45:51.176Z] <<< [apiv2][status] PATCH https://firebasehosting.googleapis.com/v1beta1/projects/-/sites/used-products-resale-mar-77ef8/versions/1470861147d96b58 200
[debug] [2022-11-29T09:45:51.176Z] <<< [apiv2][body] PATCH https://firebasehosting.googleapis.com/v1beta1/projects/-/sites/used-products-resale-mar-77ef8/versions/1470861147d96b58 {"name":"projects/631585878575/sites/used-products-resale-mar-77ef8/versions/1470861147d96b58","status":"FINALIZED","config":{"rewrites":[{"glob":"**","path":"/index.html"}]},"labels":{"deployment-tool":"cli-firebase"},"createTime":"2022-11-29T09:45:45.172898Z","createUser":{"email":"mdashik1610@gmail.com"},"finalizeTime":"2022-11-29T09:45:52.092617Z","finalizeUser":{"email":"mdashik1610@gmail.com"}}
[debug] [2022-11-29T09:45:51.176Z] [hosting] finalized version for used-products-resale-mar-77ef8:[object Object]
[info] +  hosting[used-products-resale-mar-77ef8]: version finalized 
[info] i  hosting[used-products-resale-mar-77ef8]: releasing new version... 
[debug] [2022-11-29T09:45:51.178Z] >>> [apiv2][query] POST https://firebasehosting.googleapis.com/v1beta1/projects/-/sites/used-products-resale-mar-77ef8/channels/live/releases versionName=projects%2F631585878575%2Fsites%2Fused-products-resale-mar-77ef8%2Fversions%2F1470861147d96b58
[debug] [2022-11-29T09:45:51.178Z] >>> [apiv2][body] POST https://firebasehosting.googleapis.com/v1beta1/projects/-/sites/used-products-resale-mar-77ef8/channels/live/releases {}
[debug] [2022-11-29T09:45:52.774Z] <<< [apiv2][status] POST https://firebasehosting.googleapis.com/v1beta1/projects/-/sites/used-products-resale-mar-77ef8/channels/live/releases 200
[debug] [2022-11-29T09:45:52.774Z] <<< [apiv2][body] POST https://firebasehosting.googleapis.com/v1beta1/projects/-/sites/used-products-resale-mar-77ef8/channels/live/releases {"name":"projects/631585878575/sites/used-products-resale-mar-77ef8/channels/live/releases/1669715152800482","version":{"name":"projects/631585878575/sites/used-products-resale-mar-77ef8/versions/1470861147d96b58","status":"FINALIZED","config":{"rewrites":[{"glob":"**","path":"/index.html"}]},"labels":{"deployment-tool":"cli-firebase"},"createTime":"2022-11-29T09:45:45.172898Z","createUser":{"email":"mdashik1610@gmail.com","imageUrl":"https://lh3.googleusercontent.com/a/ALm5wu17c_Fht2CMGMBqfSV7W6qYvSP-8EMiviFhC1cj"},"finalizeTime":"2022-11-29T09:45:52.092617Z","finalizeUser":{"email":"mdashik1610@gmail.com","imageUrl":"https://lh3.googleusercontent.com/a/ALm5wu17c_Fht2CMGMBqfSV7W6qYvSP-8EMiviFhC1cj"}},"type":"DEPLOY","releaseTime":"2022-11-29T09:45:52.800482262Z","releaseUser":{"email":"mdashik1610@gmail.com","imageUrl":"https://lh3.googleusercontent.com/a/ALm5wu17c_Fht2CMGMBqfSV7W6qYvSP-8EMiviFhC1cj"}}
[debug] [2022-11-29T09:45:52.774Z] [hosting] release: {"name":"projects/631585878575/sites/used-products-resale-mar-77ef8/channels/live/releases/1669715152800482","version":{"name":"projects/631585878575/sites/used-products-resale-mar-77ef8/versions/1470861147d96b58","status":"FINALIZED","config":{"rewrites":[{"glob":"**","path":"/index.html"}]},"labels":{"deployment-tool":"cli-firebase"},"createTime":"2022-11-29T09:45:45.172898Z","createUser":{"email":"mdashik1610@gmail.com","imageUrl":"https://lh3.googleusercontent.com/a/ALm5wu17c_Fht2CMGMBqfSV7W6qYvSP-8EMiviFhC1cj"},"finalizeTime":"2022-11-29T09:45:52.092617Z","finalizeUser":{"email":"mdashik1610@gmail.com","imageUrl":"https://lh3.googleusercontent.com/a/ALm5wu17c_Fht2CMGMBqfSV7W6qYvSP-8EMiviFhC1cj"}},"type":"DEPLOY","releaseTime":"2022-11-29T09:45:52.800482262Z","releaseUser":{"email":"mdashik1610@gmail.com","imageUrl":"https://lh3.googleusercontent.com/a/ALm5wu17c_Fht2CMGMBqfSV7W6qYvSP-8EMiviFhC1cj"}}
[info] +  hosting[used-products-resale-mar-77ef8]: release complete 
[info] 
[info] +  Deploy complete! 
[info] 
[info] Project Console: https://console.firebase.google.com/project/used-products-resale-mar-77ef8/overview
[info] Hosting URL: https://used-products-resale-mar-77ef8.web.app
